<?xml version="1.0" encoding="UTF-8"?>
<!-- Generated by org.testng.reporters.JUnitReportReporter -->
<testsuite hostname="DESKTOP-PS5RBSG" failures="0" tests="1" name="tests.SearchGoogleTest2" time="5.095" errors="0" timestamp="2022-05-31T07:16:06 IST" skipped="0">
  <testcase classname="tests.SearchGoogleTest2" name="searchtest" time="5.095"/>
  <system-out/>
</testsuite> <!-- tests.SearchGoogleTest2 -->
