<?xml version="1.0" encoding="UTF-8"?>
<!-- Generated by org.testng.reporters.JUnitReportReporter -->
<testsuite hostname="DESKTOP-PS5RBSG" failures="0" tests="1" name="tests.EmailGoogleTest" time="5.588" errors="0" timestamp="2022-06-01T07:15:33 IST" skipped="0">
  <testcase classname="tests.EmailGoogleTest" name="searchtestnew" time="5.588"/>
  <system-out/>
</testsuite> <!-- tests.EmailGoogleTest -->
