<?xml version="1.0" encoding="UTF-8"?>
<!-- Generated by org.testng.reporters.JUnitReportReporter -->
<testsuite hostname="DESKTOP-PS5RBSG" failures="0" tests="2" name="tests.EmailGoogleTest" time="17.506" errors="0" timestamp="2022-06-19T07:30:22 IST" skipped="0">
  <testcase classname="tests.EmailGoogleTest" name="searchtest" time="9.634"/>
  <system-out/>
  <testcase classname="tests.EmailGoogleTest" name="searchtestnew" time="7.872"/>
  <system-out/>
</testsuite> <!-- tests.EmailGoogleTest -->
