<?xml version="1.0" encoding="UTF-8"?>
<!-- Generated by org.testng.reporters.JUnitReportReporter -->
<testsuite hostname="DESKTOP-PS5RBSG" failures="0" tests="2" name="tests.EmailGoogleTest" time="8.828" errors="0" timestamp="2022-05-31T08:42:57 IST" skipped="0">
  <testcase classname="tests.EmailGoogleTest" name="searchtest" time="5.328"/>
  <system-out/>
  <testcase classname="tests.EmailGoogleTest" name="searchtestnew" time="3.500"/>
  <system-out/>
</testsuite> <!-- tests.EmailGoogleTest -->
