<?xml version="1.0" encoding="UTF-8"?>
<!-- Generated by org.testng.reporters.JUnitReportReporter -->
<testsuite hostname="DESKTOP-PS5RBSG" failures="0" tests="1" name="tests.SearchGoogleTest" time="2.581" errors="0" timestamp="2022-05-31T08:42:57 IST" skipped="0">
  <testcase classname="tests.SearchGoogleTest" name="searchtest" time="2.581"/>
  <system-out/>
</testsuite> <!-- tests.SearchGoogleTest -->
